2021-04-06 15:15:28,456 INFO com.capgemini.training.app.SpringDataJpaAppApplication [restartedMain] Starting SpringDataJpaAppApplication on DESKTOP-D5BDQCL with PID 12880 (D:\Capg\spring-data-jpa-app\target\classes started by ajay in D:\Capg\spring-data-jpa-app)
2021-04-06 15:15:28,685 INFO com.capgemini.training.app.SpringDataJpaAppApplication [restartedMain] No active profile set, falling back to default profiles: default
2021-04-06 15:15:29,902 INFO org.springframework.boot.devtools.env.DevToolsPropertyDefaultsPostProcessor [restartedMain] Devtools property defaults active! Set 'spring.devtools.add-properties' to 'false' to disable
2021-04-06 15:15:29,903 INFO org.springframework.boot.devtools.env.DevToolsPropertyDefaultsPostProcessor [restartedMain] For additional web related logging consider setting the 'logging.level.web' property to 'DEBUG'
2021-04-06 15:15:40,783 INFO org.springframework.data.repository.config.RepositoryConfigurationDelegate [restartedMain] Bootstrapping Spring Data JPA repositories in DEFAULT mode.
2021-04-06 15:15:41,592 INFO org.springframework.data.repository.config.RepositoryConfigurationDelegate [restartedMain] Finished Spring Data repository scanning in 676ms. Found 1 JPA repository interfaces.
2021-04-06 15:16:01,550 INFO org.springframework.boot.web.embedded.tomcat.TomcatWebServer [restartedMain] Tomcat initialized with port(s): 8081 (http)
2021-04-06 15:16:01,844 INFO org.apache.coyote.http11.Http11NioProtocol [restartedMain] Initializing ProtocolHandler ["http-nio-8081"]
2021-04-06 15:16:01,849 INFO org.apache.catalina.core.StandardService [restartedMain] Starting service [Tomcat]
2021-04-06 15:16:01,850 INFO org.apache.catalina.core.StandardEngine [restartedMain] Starting Servlet engine: [Apache Tomcat/9.0.38]
2021-04-06 15:16:01,948 INFO org.apache.catalina.core.AprLifecycleListener [restartedMain] Loaded Apache Tomcat Native library [1.2.26] using APR version [1.7.0].
2021-04-06 15:16:01,949 INFO org.apache.catalina.core.AprLifecycleListener [restartedMain] APR capabilities: IPv6 [true], sendfile [true], accept filters [false], random [true].
2021-04-06 15:16:01,950 INFO org.apache.catalina.core.AprLifecycleListener [restartedMain] APR/OpenSSL configuration: useAprConnector [false], useOpenSSL [true]
2021-04-06 15:16:06,248 INFO org.apache.catalina.core.AprLifecycleListener [restartedMain] OpenSSL successfully initialized [OpenSSL 1.1.1i  8 Dec 2020]
2021-04-06 15:16:11,799 INFO org.apache.catalina.core.ContainerBase.[Tomcat].[localhost].[/springfox] [restartedMain] Initializing Spring embedded WebApplicationContext
2021-04-06 15:16:11,800 INFO org.springframework.boot.web.servlet.context.ServletWebServerApplicationContext [restartedMain] Root WebApplicationContext: initialization completed in 41895 ms
2021-04-06 15:16:42,549 INFO org.hibernate.jpa.internal.util.LogHelper [restartedMain] HHH000204: Processing PersistenceUnitInfo [name: default]
2021-04-06 15:16:44,981 INFO org.hibernate.Version [restartedMain] HHH000412: Hibernate ORM core version 5.4.21.Final
2021-04-06 15:16:49,335 INFO org.hibernate.annotations.common.Version [restartedMain] HCANN000001: Hibernate Commons Annotations {5.1.0.Final}
2021-04-06 15:16:52,113 INFO com.zaxxer.hikari.HikariDataSource [restartedMain] HikariPool-1 - Starting...
2021-04-06 15:17:01,799 INFO com.zaxxer.hikari.HikariDataSource [restartedMain] HikariPool-1 - Start completed.
2021-04-06 15:17:02,717 INFO org.hibernate.dialect.Dialect [restartedMain] HHH000400: Using dialect: org.hibernate.dialect.PostgreSQL10Dialect
2021-04-06 15:17:15,863 INFO org.hibernate.engine.transaction.jta.platform.internal.JtaPlatformInitiator [restartedMain] HHH000490: Using JtaPlatform implementation: [org.hibernate.engine.transaction.jta.platform.internal.NoJtaPlatform]
2021-04-06 15:17:15,987 INFO org.springframework.orm.jpa.LocalContainerEntityManagerFactoryBean [restartedMain] Initialized JPA EntityManagerFactory for persistence unit 'default'
2021-04-06 15:17:16,349 INFO org.springframework.boot.devtools.autoconfigure.OptionalLiveReloadServer [restartedMain] LiveReload server is running on port 35729
2021-04-06 15:17:30,497 WARN org.springframework.boot.autoconfigure.orm.jpa.JpaBaseConfiguration$JpaWebConfiguration [restartedMain] spring.jpa.open-in-view is enabled by default. Therefore, database queries may be performed during view rendering. Explicitly configure spring.jpa.open-in-view to disable this warning
2021-04-06 15:17:34,462 INFO org.springframework.boot.actuate.endpoint.web.EndpointLinksResolver [restartedMain] Exposing 2 endpoint(s) beneath base path '/actuator'
2021-04-06 15:17:44,814 INFO org.apache.coyote.http11.Http11NioProtocol [restartedMain] Starting ProtocolHandler ["http-nio-8081"]
2021-04-06 15:17:46,029 INFO org.springframework.boot.web.embedded.tomcat.TomcatWebServer [restartedMain] Tomcat started on port(s): 8081 (http) with context path '/springfox'
2021-04-06 15:17:49,555 INFO com.capgemini.training.app.SpringDataJpaAppApplication [restartedMain] Started SpringDataJpaAppApplication in 150.23 seconds (JVM running for 160.328)
2021-04-06 15:25:18,860 INFO org.apache.catalina.core.ContainerBase.[Tomcat].[localhost].[/springfox] [http-nio-8081-exec-1] Initializing Spring DispatcherServlet 'dispatcherServlet'
2021-04-06 15:25:18,865 INFO org.springframework.web.servlet.DispatcherServlet [http-nio-8081-exec-1] Initializing Servlet 'dispatcherServlet'
2021-04-06 15:25:18,970 INFO org.springframework.web.servlet.DispatcherServlet [http-nio-8081-exec-1] Completed initialization in 104 ms
